

Microchip MPLAB XC8 Assembler V2.31 build 20201012212115 
                                                                                               Sun Feb 21 14:16:11 2021

Microchip MPLAB XC8 C Compiler v2.31 (Free license) build 20201012212115 Og1 
     1                           	processor	18F4331
     2                           	fnconf	rparam,??,?,0
     3                           	pagewidth 120
     4                           	opt	flic
     5                           	psect	cinit,global,reloc=2,class=CODE,delta=1
     6                           	psect	bssCOMRAM,global,class=COMRAM,space=1,delta=1,lowdata,noexec
     7                           	psect	cstackCOMRAM,global,class=COMRAM,space=1,delta=1,lowdata,noexec
     8                           	psect	text0,global,reloc=2,class=CODE,delta=1
     9                           	psect	text1,global,reloc=2,class=CODE,delta=1,group=1
    10                           	psect	intcodelo,global,reloc=2,class=CODE,delta=1
    11                           	psect	intcode,global,reloc=2,class=CODE,delta=1
    12                           	psect	intcode_body,global,reloc=2,class=CODE,delta=1
    13                           	psect	intsave_regs,global,class=BIGRAM,space=1,delta=1,noexec
    14                           	psect	rparam,global,class=COMRAM,space=1,delta=1,noexec
    15                           	psect	temp,global,ovrld,common,class=COMRAM,space=1,delta=1
    16                           	psect	idloc,global,abs,ovrld,class=IDLOC,space=5,delta=1,noexec
    17                           	psect	config,global,abs,ovrld,class=CONFIG,space=4,delta=1,noexec
    18  0000                     
    19                           ; Version 2.20
    20                           ; Generated 12/02/2020 GMT
    21                           ; 
    22                           ; Copyright © 2020, Microchip Technology Inc. and its subsidiaries ("Microchip")
    23                           ; All rights reserved.
    24                           ; 
    25                           ; This software is developed by Microchip Technology Inc. and its subsidiaries ("Microch
      +                          ip").
    26                           ; 
    27                           ; Redistribution and use in source and binary forms, with or without modification, are
    28                           ; permitted provided that the following conditions are met:
    29                           ; 
    30                           ;     1. Redistributions of source code must retain the above copyright notice, this lis
      +                          t of
    31                           ;        conditions and the following disclaimer.
    32                           ; 
    33                           ;     2. Redistributions in binary form must reproduce the above copyright notice, this 
      +                          list
    34                           ;        of conditions and the following disclaimer in the documentation and/or other
    35                           ;        materials provided with the distribution.
    36                           ; 
    37                           ;     3. Microchip's name may not be used to endorse or promote products derived from th
      +                          is
    38                           ;        software without specific prior written permission.
    39                           ; 
    40                           ; THIS SOFTWARE IS PROVIDED BY MICROCHIP "AS IS" AND ANY EXPRESS OR IMPLIED WARRANTIES,
    41                           ; INCLUDING, BUT NOT LIMITED TO, THE IMPLIED WARRANTIES OF MERCHANTABILITY AND FITNESS F
      +                          OR
    42                           ; PURPOSE ARE DISCLAIMED.  IN NO EVENT SHALL MICROCHIP BE LIABLE FOR ANY DIRECT, INDIREC
      +                          T,
    43                           ; INCIDENTAL, SPECIAL, EXEMPLARY, OR CONSEQUENTIAL DAMAGES (INCLUDING BUT NOT LIMITED TO
    44                           ; PROCUREMENT OF SUBSTITUTE GOODS OR SERVICES; LOSS OF USE, DATA OR PROFITS; OR BUSINESS
    45                           ; INTERRUPTION) HOWSOEVER CAUSED AND ON ANY THEORY OF LIABILITY, WHETHER IN CONTRACT, ST
      +                          RICT
    46                           ; LIABILITY, OR TORT (INCLUDING NEGLIGENCE OR OTHERWISE) ARISING IN ANY WAY OUT OF THE U
      +                          SE OF
    47                           ; THIS SOFTWARE, EVEN IF ADVISED OF THE POSSIBILITY OF SUCH DAMAGE.
    48                           ; 
    49                           ; 
    50                           ; Code-generator required, PIC18F4331 Definitions
    51                           ; 
    52                           ; SFR Addresses
    53  0000                     _PIR1bits	set	3998
    54  0000                     _ADCON0bits	set	4034
    55  0000                     _INTCONbits	set	4082
    56  0000                     _RCONbits	set	4048
    57  0000                     _ADRESL	set	4035
    58  0000                     _ADRESH	set	4036
    59  0000                     _ANSEL0	set	4024
    60  0000                     _ADCHS	set	3993
    61  0000                     _ADCON3	set	3994
    62  0000                     _ADCON2	set	4032
    63  0000                     _ADCON1	set	4033
    64  0000                     _ADCON0	set	4034
    65  0000                     _TRISAbits	set	3986
    66  0000                     _LATB	set	3978
    67  0000                     _TRISB	set	3987
    68                           
    69                           ; #config settings
    70                           
    71                           	psect	cinit
    72  0001A8                     __pcinit:
    73                           	callstack 0
    74  0001A8                     start_initialization:
    75                           	callstack 0
    76  0001A8                     __initialization:
    77                           	callstack 0
    78                           
    79                           ; Clear objects allocated to COMRAM (3 bytes)
    80  0001A8  6A0B               	clrf	(__pbssCOMRAM+2)& (0+255),c
    81  0001AA  6A0A               	clrf	(__pbssCOMRAM+1)& (0+255),c
    82  0001AC  6A09               	clrf	__pbssCOMRAM& (0+255),c
    83  0001AE                     end_of_initialization:
    84                           	callstack 0
    85  0001AE                     __end_of__initialization:
    86                           	callstack 0
    87  0001AE  900C               	bcf	int$flags,0,c	;clear compiler interrupt flag (level 1)
    88  0001B0  920C               	bcf	int$flags,1,c	;clear compiler interrupt flag (level 2)
    89  0001B2  0100               	movlb	0
    90  0001B4  EF17  F000         	goto	_main	;jump to C main() function
    91                           
    92                           	psect	bssCOMRAM
    93  000009                     __pbssCOMRAM:
    94                           	callstack 0
    95  000009                     _pot_value:
    96                           	callstack 0
    97  000009                     	ds	2
    98  00000B                     _voltage:
    99                           	callstack 0
   100  00000B                     	ds	1
   101                           
   102                           	psect	cstackCOMRAM
   103  000001                     __pcstackCOMRAM:
   104                           	callstack 0
   105  000001                     ??_low_isr:
   106                           
   107                           ; 1 bytes @ 0x0
   108  000001                     	ds	1
   109  000002                     ?___lwdiv:
   110                           	callstack 0
   111  000002                     ___lwdiv@dividend:
   112                           	callstack 0
   113                           
   114                           ; 2 bytes @ 0x1
   115  000002                     	ds	2
   116  000004                     ___lwdiv@divisor:
   117                           	callstack 0
   118                           
   119                           ; 2 bytes @ 0x3
   120  000004                     	ds	2
   121  000006                     ___lwdiv@quotient:
   122                           	callstack 0
   123                           
   124                           ; 2 bytes @ 0x5
   125  000006                     	ds	2
   126  000008                     ___lwdiv@counter:
   127                           	callstack 0
   128                           
   129                           ; 1 bytes @ 0x7
   130  000008                     	ds	1
   131  000009                     
   132                           ; 1 bytes @ 0x8
   133 ;;
   134 ;;Main: autosize = 0, tempsize = 0, incstack = 0, save=0
   135 ;;
   136 ;; *************** function _main *****************
   137 ;; Defined at:
   138 ;;		line 90 in file "homework5.c"
   139 ;; Parameters:    Size  Location     Type
   140 ;;		None
   141 ;; Auto vars:     Size  Location     Type
   142 ;;		None
   143 ;; Return value:  Size  Location     Type
   144 ;;                  1    wreg      void 
   145 ;; Registers used:
   146 ;;		wreg, status,2, status,0, cstack
   147 ;; Tracked objects:
   148 ;;		On entry : 0/0
   149 ;;		On exit  : 0/0
   150 ;;		Unchanged: 0/0
   151 ;; Data sizes:     COMRAM   BANK0   BANK1   BANK2
   152 ;;      Params:         0       0       0       0
   153 ;;      Locals:         0       0       0       0
   154 ;;      Temps:          0       0       0       0
   155 ;;      Totals:         0       0       0       0
   156 ;;Total ram usage:        0 bytes
   157 ;; Hardware stack levels required when called:    3
   158 ;; This function calls:
   159 ;;		___lwdiv
   160 ;; This function is called by:
   161 ;;		Startup code after reset
   162 ;; This function uses a non-reentrant model
   163 ;;
   164                           
   165                           	psect	text0
   166  00002E                     __ptext0:
   167                           	callstack 0
   168  00002E                     _main:
   169                           	callstack 28
   170  00002E                     
   171                           ;homework5.c: 92:     TRISB=0;
   172  00002E  0E00               	movlw	0
   173  000030  6E93               	movwf	147,c	;volatile
   174                           
   175                           ;homework5.c: 93:     LATB=0;
   176  000032  0E00               	movlw	0
   177  000034  6E8A               	movwf	138,c	;volatile
   178  000036                     
   179                           ;homework5.c: 95:     TRISAbits.RA4 = 1;
   180  000036  8892               	bsf	146,4,c	;volatile
   181                           
   182                           ;homework5.c: 97:     ADCON0 = 0x01;
   183  000038  0E01               	movlw	1
   184  00003A  6EC2               	movwf	194,c	;volatile
   185                           
   186                           ;homework5.c: 98:     ADCON1 = 0x10;
   187  00003C  0E10               	movlw	16
   188  00003E  6EC1               	movwf	193,c	;volatile
   189                           
   190                           ;homework5.c: 99:     ADCON2 = 0x00;
   191  000040  0E00               	movlw	0
   192  000042  6EC0               	movwf	192,c	;volatile
   193                           
   194                           ;homework5.c: 100:     ADCON3 = 0xA0;
   195  000044  0EA0               	movlw	160
   196  000046  6E9A               	movwf	154,c	;volatile
   197                           
   198                           ;homework5.c: 101:     ADCHS = 0x01;
   199  000048  0E01               	movlw	1
   200  00004A  6E99               	movwf	153,c	;volatile
   201                           
   202                           ;homework5.c: 102:     ANSEL0 = 0x00;
   203  00004C  0E00               	movlw	0
   204  00004E  6EB8               	movwf	184,c	;volatile
   205                           
   206                           ;homework5.c: 103:     ADRESH=0;
   207  000050  0E00               	movlw	0
   208  000052  6EC4               	movwf	196,c	;volatile
   209                           
   210                           ;homework5.c: 104:     ADRESL=0;
   211  000054  0E00               	movlw	0
   212  000056  6EC3               	movwf	195,c	;volatile
   213  000058                     
   214                           ;homework5.c: 106:     RCONbits.IPEN = 1;
   215  000058  8ED0               	bsf	208,7,c	;volatile
   216  00005A                     
   217                           ;homework5.c: 107:     INTCONbits.GIEH = 1;
   218  00005A  8EF2               	bsf	242,7,c	;volatile
   219  00005C                     
   220                           ;homework5.c: 108:     INTCONbits.GIEL = 1;
   221  00005C  8CF2               	bsf	242,6,c	;volatile
   222  00005E                     l846:
   223                           
   224                           ;homework5.c: 110:     ADCON0bits.ACMOD0 = 0;
   225  00005E  94C2               	bcf	194,2,c	;volatile
   226  000060                     
   227                           ;homework5.c: 111:     ADCON0bits.ACMOD1 = 0;
   228  000060  96C2               	bcf	194,3,c	;volatile
   229  000062                     
   230                           ;homework5.c: 113:     ADCON0bits.GO = 1;
   231  000062  82C2               	bsf	194,1,c	;volatile
   232  000064                     l40:
   233  000064  B2C2               	btfsc	194,1,c	;volatile
   234  000066  EF37  F000         	goto	u141
   235  00006A  EF39  F000         	goto	u140
   236  00006E                     u141:
   237  00006E  EF32  F000         	goto	l40
   238  000072                     u140:
   239  000072                     
   240                           ;homework5.c: 115:     pot_value = 0x00;
   241  000072  0E00               	movlw	0
   242  000074  6E0A               	movwf	(_pot_value+1)^0,c
   243  000076  0E00               	movlw	0
   244  000078  6E09               	movwf	_pot_value^0,c
   245  00007A                     
   246                           ;homework5.c: 116:     pot_value = ADRESH;
   247  00007A  CFC4 F009          	movff	4036,_pot_value	;volatile
   248  00007E  6A0A               	clrf	(_pot_value+1)^0,c
   249  000080                     
   250                           ;homework5.c: 117:     voltage = pot_value / 51;
   251  000080  C009  F002         	movff	_pot_value,___lwdiv@dividend
   252  000084  C00A  F003         	movff	_pot_value+1,___lwdiv@dividend+1
   253  000088  0E00               	movlw	0
   254  00008A  6E05               	movwf	(___lwdiv@divisor+1)^0,c
   255  00008C  0E33               	movlw	51
   256  00008E  6E04               	movwf	___lwdiv@divisor^0,c
   257  000090  EC8E  F000         	call	___lwdiv	;wreg free
   258  000094  5002               	movf	?___lwdiv^0,w,c
   259  000096  6E0B               	movwf	_voltage^0,c
   260  000098                     
   261                           ;homework5.c: 119:         if (voltage < 1){
   262  000098  500B               	movf	_voltage^0,w,c
   263  00009A  A4D8               	btfss	status,2,c
   264  00009C  EF52  F000         	goto	u151
   265  0000A0  EF54  F000         	goto	u150
   266  0000A4                     u151:
   267  0000A4  EF58  F000         	goto	l862
   268  0000A8                     u150:
   269  0000A8                     
   270                           ;homework5.c: 120:             LATB=0x00;}
   271  0000A8  0E00               	movlw	0
   272  0000AA  6E8A               	movwf	138,c	;volatile
   273  0000AC  EF2F  F000         	goto	l846
   274  0000B0                     l862:
   275  0000B0  0E02               	movlw	2
   276  0000B2  600B               	cpfslt	_voltage^0,c
   277  0000B4  EF5E  F000         	goto	u161
   278  0000B8  EF60  F000         	goto	u160
   279  0000BC                     u161:
   280  0000BC  EF64  F000         	goto	l866
   281  0000C0                     u160:
   282  0000C0                     
   283                           ;homework5.c: 122:             LATB=0x01;}
   284  0000C0  0E01               	movlw	1
   285  0000C2  6E8A               	movwf	138,c	;volatile
   286  0000C4  EF2F  F000         	goto	l846
   287  0000C8                     l866:
   288  0000C8  0E03               	movlw	3
   289  0000CA  600B               	cpfslt	_voltage^0,c
   290  0000CC  EF6A  F000         	goto	u171
   291  0000D0  EF6C  F000         	goto	u170
   292  0000D4                     u171:
   293  0000D4  EF70  F000         	goto	l870
   294  0000D8                     u170:
   295  0000D8                     
   296                           ;homework5.c: 124:             LATB= 0x03;}
   297  0000D8  0E03               	movlw	3
   298  0000DA  6E8A               	movwf	138,c	;volatile
   299  0000DC  EF2F  F000         	goto	l846
   300  0000E0                     l870:
   301  0000E0  0E04               	movlw	4
   302  0000E2  600B               	cpfslt	_voltage^0,c
   303  0000E4  EF76  F000         	goto	u181
   304  0000E8  EF78  F000         	goto	u180
   305  0000EC                     u181:
   306  0000EC  EF7C  F000         	goto	l874
   307  0000F0                     u180:
   308  0000F0                     
   309                           ;homework5.c: 126:             LATB= 0x07;}
   310  0000F0  0E07               	movlw	7
   311  0000F2  6E8A               	movwf	138,c	;volatile
   312  0000F4  EF2F  F000         	goto	l846
   313  0000F8                     l874:
   314  0000F8  0E05               	movlw	5
   315  0000FA  600B               	cpfslt	_voltage^0,c
   316  0000FC  EF82  F000         	goto	u191
   317  000100  EF84  F000         	goto	u190
   318  000104                     u191:
   319  000104  EF88  F000         	goto	l878
   320  000108                     u190:
   321  000108                     
   322                           ;homework5.c: 128:             LATB= 0x0F;}
   323  000108  0E0F               	movlw	15
   324  00010A  6E8A               	movwf	138,c	;volatile
   325  00010C  EF2F  F000         	goto	l846
   326  000110                     l878:
   327                           
   328                           ;homework5.c: 130:             LATB= 0x1F;
   329  000110  0E1F               	movlw	31
   330  000112  6E8A               	movwf	138,c	;volatile
   331  000114  EF2F  F000         	goto	l846
   332  000118  EF15  F000         	goto	start
   333  00011C                     __end_of_main:
   334                           	callstack 0
   335                           
   336 ;; *************** function ___lwdiv *****************
   337 ;; Defined at:
   338 ;;		line 7 in file "C:\XC8_Compiler\pic\sources\c99\common\lwdiv.c"
   339 ;; Parameters:    Size  Location     Type
   340 ;;  dividend        2    1[COMRAM] unsigned int 
   341 ;;  divisor         2    3[COMRAM] unsigned int 
   342 ;; Auto vars:     Size  Location     Type
   343 ;;  quotient        2    5[COMRAM] unsigned int 
   344 ;;  counter         1    7[COMRAM] unsigned char 
   345 ;; Return value:  Size  Location     Type
   346 ;;                  2    1[COMRAM] unsigned int 
   347 ;; Registers used:
   348 ;;		wreg, status,2, status,0
   349 ;; Tracked objects:
   350 ;;		On entry : 0/0
   351 ;;		On exit  : 0/0
   352 ;;		Unchanged: 0/0
   353 ;; Data sizes:     COMRAM   BANK0   BANK1   BANK2
   354 ;;      Params:         4       0       0       0
   355 ;;      Locals:         3       0       0       0
   356 ;;      Temps:          0       0       0       0
   357 ;;      Totals:         7       0       0       0
   358 ;;Total ram usage:        7 bytes
   359 ;; Hardware stack levels used:    1
   360 ;; Hardware stack levels required when called:    2
   361 ;; This function calls:
   362 ;;		Nothing
   363 ;; This function is called by:
   364 ;;		_main
   365 ;; This function uses a non-reentrant model
   366 ;;
   367                           
   368                           	psect	text1
   369  00011C                     __ptext1:
   370                           	callstack 0
   371  00011C                     ___lwdiv:
   372                           	callstack 28
   373  00011C  0E00               	movlw	0
   374  00011E  6E07               	movwf	(___lwdiv@quotient+1)^0,c
   375  000120  0E00               	movlw	0
   376  000122  6E06               	movwf	___lwdiv@quotient^0,c
   377  000124  5004               	movf	___lwdiv@divisor^0,w,c
   378  000126  1005               	iorwf	(___lwdiv@divisor+1)^0,w,c
   379  000128  B4D8               	btfsc	status,2,c
   380  00012A  EF99  F000         	goto	u111
   381  00012E  EF9B  F000         	goto	u110
   382  000132                     u111:
   383  000132  EFC3  F000         	goto	l560
   384  000136                     u110:
   385  000136  0E01               	movlw	1
   386  000138  6E08               	movwf	___lwdiv@counter^0,c
   387  00013A  EFA3  F000         	goto	l822
   388  00013E                     l820:
   389  00013E  90D8               	bcf	status,0,c
   390  000140  3604               	rlcf	___lwdiv@divisor^0,f,c
   391  000142  3605               	rlcf	(___lwdiv@divisor+1)^0,f,c
   392  000144  2A08               	incf	___lwdiv@counter^0,f,c
   393  000146                     l822:
   394  000146  AE05               	btfss	(___lwdiv@divisor+1)^0,7,c
   395  000148  EFA8  F000         	goto	u121
   396  00014C  EFAA  F000         	goto	u120
   397  000150                     u121:
   398  000150  EF9F  F000         	goto	l820
   399  000154                     u120:
   400  000154                     l824:
   401  000154  90D8               	bcf	status,0,c
   402  000156  3606               	rlcf	___lwdiv@quotient^0,f,c
   403  000158  3607               	rlcf	(___lwdiv@quotient+1)^0,f,c
   404  00015A  5004               	movf	___lwdiv@divisor^0,w,c
   405  00015C  5C02               	subwf	___lwdiv@dividend^0,w,c
   406  00015E  5005               	movf	(___lwdiv@divisor+1)^0,w,c
   407  000160  5803               	subwfb	(___lwdiv@dividend+1)^0,w,c
   408  000162  A0D8               	btfss	status,0,c
   409  000164  EFB6  F000         	goto	u131
   410  000168  EFB8  F000         	goto	u130
   411  00016C                     u131:
   412  00016C  EFBD  F000         	goto	l832
   413  000170                     u130:
   414  000170  5004               	movf	___lwdiv@divisor^0,w,c
   415  000172  5E02               	subwf	___lwdiv@dividend^0,f,c
   416  000174  5005               	movf	(___lwdiv@divisor+1)^0,w,c
   417  000176  5A03               	subwfb	(___lwdiv@dividend+1)^0,f,c
   418  000178  8006               	bsf	___lwdiv@quotient^0,0,c
   419  00017A                     l832:
   420  00017A  90D8               	bcf	status,0,c
   421  00017C  3205               	rrcf	(___lwdiv@divisor+1)^0,f,c
   422  00017E  3204               	rrcf	___lwdiv@divisor^0,f,c
   423  000180  2E08               	decfsz	___lwdiv@counter^0,f,c
   424  000182  EFAA  F000         	goto	l824
   425  000186                     l560:
   426  000186  C006  F002         	movff	___lwdiv@quotient,?___lwdiv
   427  00018A  C007  F003         	movff	___lwdiv@quotient+1,?___lwdiv+1
   428  00018E  0012               	return		;funcret
   429  000190                     __end_of___lwdiv:
   430                           	callstack 0
   431                           
   432 ;; *************** function _low_isr *****************
   433 ;; Defined at:
   434 ;;		line 147 in file "homework5.c"
   435 ;; Parameters:    Size  Location     Type
   436 ;;		None
   437 ;; Auto vars:     Size  Location     Type
   438 ;;		None
   439 ;; Return value:  Size  Location     Type
   440 ;;                  1    wreg      void 
   441 ;; Registers used:
   442 ;;		None
   443 ;; Tracked objects:
   444 ;;		On entry : 0/0
   445 ;;		On exit  : 0/0
   446 ;;		Unchanged: 0/0
   447 ;; Data sizes:     COMRAM   BANK0   BANK1   BANK2
   448 ;;      Params:         0       0       0       0
   449 ;;      Locals:         0       0       0       0
   450 ;;      Temps:          1       0       0       0
   451 ;;      Totals:         1       0       0       0
   452 ;;Total ram usage:        1 bytes
   453 ;; Hardware stack levels used:    1
   454 ;; Hardware stack levels required when called:    1
   455 ;; This function calls:
   456 ;;		Nothing
   457 ;; This function is called by:
   458 ;;		Interrupt level 1
   459 ;; This function uses a non-reentrant model
   460 ;;
   461                           
   462                           	psect	intcodelo
   463  000018                     __pintcodelo:
   464                           	callstack 0
   465  000018                     _low_isr:
   466                           	callstack 28
   467                           
   468                           ;incstack = 0
   469  000018  800C               	bsf	int$flags,0,c	;set compiler interrupt flag (level 1)
   470  00001A  CFE0 F001          	movff	bsr,??_low_isr
   471  00001E                     
   472                           ;homework5.c: 148:     INTCONbits.GIEH = 0;
   473  00001E  9EF2               	bcf	242,7,c	;volatile
   474                           
   475                           ;homework5.c: 150:     INTCONbits.GIEH = 1;
   476  000020  8EF2               	bsf	242,7,c	;volatile
   477  000022  C001  FFE0         	movff	??_low_isr,bsr
   478  000026  900C               	bcf	int$flags,0,c	;clear compiler interrupt flag (level 1)
   479  000028  0010               	retfie	
   480  00002A                     __end_of_low_isr:
   481                           	callstack 0
   482                           
   483 ;; *************** function _high_isr *****************
   484 ;; Defined at:
   485 ;;		line 137 in file "homework5.c"
   486 ;; Parameters:    Size  Location     Type
   487 ;;		None
   488 ;; Auto vars:     Size  Location     Type
   489 ;;		None
   490 ;; Return value:  Size  Location     Type
   491 ;;                  1    wreg      void 
   492 ;; Registers used:
   493 ;;		None
   494 ;; Tracked objects:
   495 ;;		On entry : 0/0
   496 ;;		On exit  : 0/0
   497 ;;		Unchanged: 0/0
   498 ;; Data sizes:     COMRAM   BANK0   BANK1   BANK2
   499 ;;      Params:         0       0       0       0
   500 ;;      Locals:         0       0       0       0
   501 ;;      Temps:          0       0       0       0
   502 ;;      Totals:         0       0       0       0
   503 ;;Total ram usage:        0 bytes
   504 ;; Hardware stack levels used:    1
   505 ;; This function calls:
   506 ;;		Nothing
   507 ;; This function is called by:
   508 ;;		Interrupt level 2
   509 ;; This function uses a non-reentrant model
   510 ;;
   511                           
   512                           	psect	intcode
   513  000008                     __pintcode:
   514                           	callstack 0
   515  000008                     _high_isr:
   516                           	callstack 28
   517                           
   518                           ;incstack = 0
   519  000008  820C               	bsf	int$flags,1,c	;set compiler interrupt flag (level 2)
   520  00000A  EFC8  F000         	goto	int_func
   521                           
   522                           	psect	intcode_body
   523  000190                     __pintcode_body:
   524                           	callstack 28
   525  000190                     int_func:
   526                           	callstack 28
   527  000190                     
   528                           ;homework5.c: 138:     INTCONbits.GIEH = 0;
   529  000190  9EF2               	bcf	242,7,c	;volatile
   530                           
   531                           ;homework5.c: 139:     if(PIR1bits.RCIF){
   532  000192  AA9E               	btfss	158,5,c	;volatile
   533  000194  EFCE  F000         	goto	i2u10_41
   534  000198  EFD0  F000         	goto	i2u10_40
   535  00019C                     i2u10_41:
   536  00019C  EFD1  F000         	goto	i2l60
   537  0001A0                     i2u10_40:
   538  0001A0                     
   539                           ;homework5.c: 141:        PIR1bits.RCIF=0;
   540  0001A0  9A9E               	bcf	158,5,c	;volatile
   541  0001A2                     i2l60:
   542                           
   543                           ;homework5.c: 144:     INTCONbits.GIEH = 1;
   544  0001A2  8EF2               	bsf	242,7,c	;volatile
   545  0001A4  920C               	bcf	int$flags,1,c	;clear compiler interrupt flag (level 2)
   546  0001A6  0011               	retfie		f
   547  0001A8                     __end_of_high_isr:
   548                           	callstack 0
   549  0000                     
   550                           	psect	rparam
   551  0000                     
   552                           	psect	temp
   553  00000C                     btemp:
   554                           	callstack 0
   555  00000C                     	ds	1
   556  0000                     int$flags	set	btemp
   557  0000                     wtemp8	set	btemp+1
   558  0000                     ttemp5	set	btemp+1
   559  0000                     ttemp6	set	btemp+4
   560  0000                     ttemp7	set	btemp+8
   561                           
   562                           	psect	idloc
   563                           
   564                           ;Config register IDLOC0 @ 0x200000
   565                           ;	unspecified, using default values
   566  200000                     	org	2097152
   567  200000  FF                 	db	255
   568                           
   569                           ;Config register IDLOC1 @ 0x200001
   570                           ;	unspecified, using default values
   571  200001                     	org	2097153
   572  200001  FF                 	db	255
   573                           
   574                           ;Config register IDLOC2 @ 0x200002
   575                           ;	unspecified, using default values
   576  200002                     	org	2097154
   577  200002  FF                 	db	255
   578                           
   579                           ;Config register IDLOC3 @ 0x200003
   580                           ;	unspecified, using default values
   581  200003                     	org	2097155
   582  200003  FF                 	db	255
   583                           
   584                           ;Config register IDLOC4 @ 0x200004
   585                           ;	unspecified, using default values
   586  200004                     	org	2097156
   587  200004  FF                 	db	255
   588                           
   589                           ;Config register IDLOC5 @ 0x200005
   590                           ;	unspecified, using default values
   591  200005                     	org	2097157
   592  200005  FF                 	db	255
   593                           
   594                           ;Config register IDLOC6 @ 0x200006
   595                           ;	unspecified, using default values
   596  200006                     	org	2097158
   597  200006  FF                 	db	255
   598                           
   599                           ;Config register IDLOC7 @ 0x200007
   600                           ;	unspecified, using default values
   601  200007                     	org	2097159
   602  200007  FF                 	db	255
   603                           
   604                           	psect	config
   605                           
   606                           ; Padding undefined space
   607  300000                     	org	3145728
   608  300000  FF                 	db	255
   609                           
   610                           ;Config register CONFIG1H @ 0x300001
   611                           ;	Oscillator Selection bits
   612                           ;	OSC = IRCIO, Internal oscillator block, port function on RA6 and port function on RA7
   613                           ;	Fail-Safe Clock Monitor Enable bit
   614                           ;	FCMEN = ON, Fail-Safe Clock Monitor enabled
   615                           ;	Internal External Oscillator Switchover bit
   616                           ;	IESO = ON, Internal External Switchover mode enabled
   617  300001                     	org	3145729
   618  300001  C8                 	db	200
   619                           
   620                           ;Config register CONFIG2L @ 0x300002
   621                           ;	Power-up Timer Enable bit
   622                           ;	PWRTEN = OFF, PWRT disabled
   623                           ;	Brown-out Reset Enable bits
   624                           ;	BOREN = OFF, Brown-out Reset disabled
   625                           ;	Brown Out Reset Voltage bits
   626                           ;	BORV = 0x3, unprogrammed default
   627  300002                     	org	3145730
   628  300002  0D                 	db	13
   629                           
   630                           ;Config register CONFIG2H @ 0x300003
   631                           ;	Watchdog Timer Enable bit
   632                           ;	WDTEN = OFF, WDT disabled (control is placed on the SWDTEN bit)
   633                           ;	Watchdog Timer Postscale Select bits
   634                           ;	WDPS = 32768, 1:32768
   635                           ;	Watchdog Timer Window Enable bit
   636                           ;	WINEN = OFF, WDT window disabled
   637  300003                     	org	3145731
   638  300003  3E                 	db	62
   639                           
   640                           ;Config register CONFIG3L @ 0x300004
   641                           ;	PWM output pins Reset state control
   642                           ;	PWMPIN = OFF, PWM outputs disabled upon Reset (default)
   643                           ;	Low-Side Transistors Polarity
   644                           ;	LPOL = HIGH, PWM0, 2, 4 and 6 are active-high
   645                           ;	High-Side Transistors Polarity
   646                           ;	HPOL = HIGH, PWM1, 3, 5 and 7 are active-high
   647                           ;	Timer1 Oscillator MUX
   648                           ;	T1OSCMX = ON, Low-power Timer1 operation when microcontroller is in Sleep mode
   649  300004                     	org	3145732
   650  300004  3C                 	db	60
   651                           
   652                           ;Config register CONFIG3H @ 0x300005
   653                           ;	FLTA MUX bit
   654                           ;	FLTAMX = RC1, FLTA input is multiplexed with RC1
   655                           ;	SSP I/O MUX bit
   656                           ;	SSPMX = RC7, SCK/SCL clocks and SDA/SDI data are multiplexed with RC5 and RC4, respect
      +                          ively. SDO output is multiplexed with RC7.
   657                           ;	PWM4 MUX bit
   658                           ;	PWM4MX = RB5, PWM4 output is multiplexed with RB5
   659                           ;	TMR0/T5CKI External clock MUX bit
   660                           ;	EXCLKMX = RC3, TMR0/T5CKI external clock input is multiplexed with RC3
   661                           ;	MCLR Pin Enable bit
   662                           ;	MCLRE = ON, Enabled
   663  300005                     	org	3145733
   664  300005  9D                 	db	157
   665                           
   666                           ;Config register CONFIG4L @ 0x300006
   667                           ;	Stack Full/Underflow Reset Enable bit
   668                           ;	STVREN = OFF, Stack full/underflow will not cause Reset
   669                           ;	Low-Voltage ICSP Enable bit
   670                           ;	LVP = OFF, Low-voltage ICSP disabled
   671                           ;	Background Debugger Enable bit
   672                           ;	DEBUG = 0x1, unprogrammed default
   673  300006                     	org	3145734
   674  300006  80                 	db	128
   675                           
   676                           ; Padding undefined space
   677  300007                     	org	3145735
   678  300007  FF                 	db	255
   679                           
   680                           ;Config register CONFIG5L @ 0x300008
   681                           ;	Code Protection bit
   682                           ;	CP0 = OFF, Block 0 (000200-000FFFh) not code-protected
   683                           ;	Code Protection bit
   684                           ;	CP1 = OFF, Block 1 (001000-001FFF) not code-protected
   685  300008                     	org	3145736
   686  300008  0F                 	db	15
   687                           
   688                           ;Config register CONFIG5H @ 0x300009
   689                           ;	Boot Block Code Protection bit
   690                           ;	CPB = OFF, Boot Block (000000-0001FFh) not code-protected
   691                           ;	Data EEPROM Code Protection bit
   692                           ;	CPD = OFF, Data EEPROM not code-protected
   693  300009                     	org	3145737
   694  300009  C0                 	db	192
   695                           
   696                           ;Config register CONFIG6L @ 0x30000A
   697                           ;	Write Protection bit
   698                           ;	WRT0 = OFF, Block 0 (000200-000FFFh) not write-protected
   699                           ;	Write Protection bit
   700                           ;	WRT1 = OFF, Block 1 (001000-001FFF) not write-protected
   701  30000A                     	org	3145738
   702  30000A  0F                 	db	15
   703                           
   704                           ;Config register CONFIG6H @ 0x30000B
   705                           ;	Configuration Register Write Protection bit
   706                           ;	WRTC = OFF, Configuration registers (300000-3000FFh) not write-protected
   707                           ;	Boot Block Write Protection bit
   708                           ;	WRTB = OFF, Boot Block (000000-0001FFh) not write-protected
   709                           ;	Data EEPROM Write Protection bit
   710                           ;	WRTD = OFF, Data EEPROM not write-protected
   711  30000B                     	org	3145739
   712  30000B  E0                 	db	224
   713                           
   714                           ;Config register CONFIG7L @ 0x30000C
   715                           ;	Table Read Protection bit
   716                           ;	EBTR0 = OFF, Block 0 (000200-000FFFh) not protected from table reads executed in other
      +                           blocks
   717                           ;	Table Read Protection bit
   718                           ;	EBTR1 = OFF, Block 1 (001000-001FFF) not protected from table reads executed in other 
      +                          blocks
   719  30000C                     	org	3145740
   720  30000C  0F                 	db	15
   721                           
   722                           ;Config register CONFIG7H @ 0x30000D
   723                           ;	Boot Block Table Read Protection bit
   724                           ;	EBTRB = OFF, Boot Block (000000-0001FFh) not protected from table reads executed in ot
      +                          her blocks
   725  30000D                     	org	3145741
   726  30000D  40                 	db	64
   727                           tosu	equ	0xFFF
   728                           tosh	equ	0xFFE
   729                           tosl	equ	0xFFD
   730                           stkptr	equ	0xFFC
   731                           pclatu	equ	0xFFB
   732                           pclath	equ	0xFFA
   733                           pcl	equ	0xFF9
   734                           tblptru	equ	0xFF8
   735                           tblptrh	equ	0xFF7
   736                           tblptrl	equ	0xFF6
   737                           tablat	equ	0xFF5
   738                           prodh	equ	0xFF4
   739                           prodl	equ	0xFF3
   740                           indf0	equ	0xFEF
   741                           postinc0	equ	0xFEE
   742                           postdec0	equ	0xFED
   743                           preinc0	equ	0xFEC
   744                           plusw0	equ	0xFEB
   745                           fsr0h	equ	0xFEA
   746                           fsr0l	equ	0xFE9
   747                           wreg	equ	0xFE8
   748                           indf1	equ	0xFE7
   749                           postinc1	equ	0xFE6
   750                           postdec1	equ	0xFE5
   751                           preinc1	equ	0xFE4
   752                           plusw1	equ	0xFE3
   753                           fsr1h	equ	0xFE2
   754                           fsr1l	equ	0xFE1
   755                           bsr	equ	0xFE0
   756                           indf2	equ	0xFDF
   757                           postinc2	equ	0xFDE
   758                           postdec2	equ	0xFDD
   759                           preinc2	equ	0xFDC
   760                           plusw2	equ	0xFDB
   761                           fsr2h	equ	0xFDA
   762                           fsr2l	equ	0xFD9
   763                           status	equ	0xFD8

Data Sizes:
    Strings     0
    Constant    0
    Data        0
    BSS         3
    Persistent  0
    Stack       0

Auto Spaces:
    Space          Size  Autos    Used
    COMRAM           94      8      11
    BANK0           160      0       0
    BANK1           256      0       0
    BANK2           256      0       0

Pointer List with Targets:

    None.

Critical Paths under _main in COMRAM

    _main->___lwdiv

Critical Paths under _low_isr in COMRAM

    None.

Critical Paths under _high_isr in COMRAM

    None.

Critical Paths under _main in BANK0

    None.

Critical Paths under _low_isr in BANK0

    None.

Critical Paths under _high_isr in BANK0

    None.

Critical Paths under _main in BANK1

    None.

Critical Paths under _low_isr in BANK1

    None.

Critical Paths under _high_isr in BANK1

    None.

Critical Paths under _main in BANK2

    None.

Critical Paths under _low_isr in BANK2

    None.

Critical Paths under _high_isr in BANK2

    None.

Call Graph Tables:

 ---------------------------------------------------------------------------------
 (Depth) Function   	        Calls       Base Space   Used Autos Params    Refs
 ---------------------------------------------------------------------------------
 (0) _main                                                 0     0      0     314
                            ___lwdiv
 ---------------------------------------------------------------------------------
 (1) ___lwdiv                                              7     3      4     314
                                              1 COMRAM     7     3      4
 ---------------------------------------------------------------------------------
 Estimated maximum stack depth 1
 ---------------------------------------------------------------------------------
 (Depth) Function   	        Calls       Base Space   Used Autos Params    Refs
 ---------------------------------------------------------------------------------
 (2) _low_isr                                              1     1      0       0
                                              0 COMRAM     1     1      0
 ---------------------------------------------------------------------------------
 Estimated maximum stack depth 2
 ---------------------------------------------------------------------------------
 (Depth) Function   	        Calls       Base Space   Used Autos Params    Refs
 ---------------------------------------------------------------------------------
 (3) _high_isr                                             0     0      0       0
 ---------------------------------------------------------------------------------
 Estimated maximum stack depth 3
 ---------------------------------------------------------------------------------

 Call Graph Graphs:

 _main (ROOT)
   ___lwdiv

 _low_isr (ROOT)

 _high_isr (ROOT)

 Address spaces:
Name               Size   Autos  Total    Cost      Usage
BIGRAM             2FF      0       0      10        0.0%
EEDATA             100      0       0       0        0.0%
BITBANK2           100      0       0       8        0.0%
BANK2              100      0       0       9        0.0%
BITBANK1           100      0       0       6        0.0%
BANK1              100      0       0       7        0.0%
BITBANK0            A0      0       0       4        0.0%
BANK0               A0      0       0       5        0.0%
BITCOMRAM           5E      0       0       0        0.0%
COMRAM              5E      8       B       1       11.7%
BITSFR               0      0       0     200        0.0%
SFR                  0      0       0     200        0.0%
STACK                0      0       0       2        0.0%
NULL                 0      0       0       0        0.0%
ABS                  0      0       B       3        0.0%
DATA                 0      0       B      11        0.0%
CODE                 0      0       0       0        0.0%


Microchip Technology PIC18 Macro Assembler V2.31 build 20201012212115 
Symbol Table                                                                                   Sun Feb 21 14:16:11 2021

                     l40 0064                       bsr 000FE0                      l560 0186  
                    l820 013E                      l830 0178                      l822 0146  
                    l814 011C                      l567 018E                      l832 017A  
                    l824 0154                      l816 0124                      l840 0058  
                    l834 0180                      l826 015A                      l818 0136  
                    l850 0062                      l842 005A                      l828 0170  
                    l860 00A8                      l852 0072                      l844 005C  
                    l836 002E                      l870 00E0                      l862 00B0  
                    l854 007A                      l846 005E                      l838 0036  
                    l872 00F0                      l864 00C0                      l856 0080  
                    l848 0060                      l874 00F8                      l866 00C8  
                    l858 0098                      l876 0108                      l868 00D8  
                    l878 0110                      u110 0136                      u111 0132  
                    u120 0154                      u121 0150                      u130 0170  
                    u131 016C                      u140 0072                      u141 006E  
                    u150 00A8                      u151 00A4                      u160 00C0  
                    u161 00BC                      u170 00D8                      u171 00D4  
                    u180 00F0                      u181 00EC                      u190 0108  
                    u191 0104                     _LATB 000F8A                     i1l66 0022  
                   i2l60 01A2                     i2l61 01A4                     _main 002E  
                   btemp 000C                     start 002A             ___param_bank 000000  
                  ?_main 0001                    _ADCHS 000F99          __end_of___lwdiv 0190  
                  i1l812 001E                    i2l810 01A0                    i2l808 0190  
                  _TRISB 000F93          __end_of_low_isr 002A                    ttemp5 000D  
                  ttemp6 0010                    ttemp7 0014                    status 000FD8  
                  wtemp8 000D          __initialization 01A8             __end_of_main 011C  
                 ??_main 0009            __activetblptr 000000                   _ADCON0 000FC2  
                 _ADCON1 000FC1                   _ADCON2 000FC0                   _ADCON3 000F9A  
                 _ADRESH 000FC4                   _ADRESL 000FC3                   _ANSEL0 000FB8  
       __end_of_high_isr 01A8                ??___lwdiv 0006                ??_low_isr 0001  
             __accesstop 0060  __end_of__initialization 01AE            ___rparam_used 000001  
         __pcstackCOMRAM 0001                  i2u10_40 01A0                  i2u10_41 019C  
              ?_high_isr 0001                  __Hparam 0000                  __Lparam 0000  
                ___lwdiv 011C                  __pcinit 01A8                  __ramtop 0300  
                __ptext0 002E                  __ptext1 011C                  _low_isr 0018  
                _voltage 000B               ??_high_isr 0001           __pintcode_body 0190  
   end_of_initialization 01AE                  int_func 0190                _TRISAbits 000F92  
    start_initialization 01A8              __pbssCOMRAM 0009        __size_of_high_isr 01A0  
       ___lwdiv@dividend 0002                __pintcode 0008                 ?___lwdiv 0002  
            __pintcodelo 0018                 ?_low_isr 0001         ___lwdiv@quotient 0006  
               _PIR1bits 000F9E                 _RCONbits 000FD0                _pot_value 0009  
             _ADCON0bits 000FC2                 __Hrparam 0000                 __Lrparam 0000  
       __size_of___lwdiv 0074          ___lwdiv@divisor 0004          ___lwdiv@counter 0008  
       __size_of_low_isr 0012                 _high_isr 0008            __size_of_main 00EE  
               int$flags 000C               _INTCONbits 000FF2                 intlevel1 0000  
               intlevel2 0000  
